
JNativeHook: Global keyboard and mouse hooking for Java.
Copyright (C) 2006-2015 Alexander Barker.  All Rights Received.
https://github.com/kwhat/jnativehook/

JNativeHook is free software: you can redistribute it and/or modify
it under the terms of the GNU Lesser General Public License as published
by the Free Software Foundation, either version 3 of the License, or
(at your option) any later version.

JNativeHook is distributed in the hope that it will be useful,
but WITHOUT ANY WARRANTY; without even the implied warranty of
MERCHANTABILITY or FITNESS FOR A PARTICULAR PURPOSE.  See the
GNU General Public License for more details.

You should have received a copy of the GNU Lesser General Public License
along with this program.  If not, see <http://www.gnu.org/licenses/>.

UP
mouseX: 1049 === mouseY: 844
Key Released: D
KeyCode: 32
DOWN
Key Released: R
KeyCode: 19
DOWN
Key Released: R
KeyCode: 19
Key Released: ⌫
KeyCode: 14
RIGHT
Key Released: C
KeyCode: 46
Key Released: Left Control
KeyCode: 29
RIGHT
